<?xml version="1.0" encoding="UTF-8" ?>
<testsuites disabled="0" errors="0" failures="0" tests="10" time="0.001">
 <testsuite name="Testing comment endpoints" timestamp="2022-11-12T20:10:25" hostname="localhost" time="0.001" errors="0" tests="10" skipped="0" disabled="0" failures="0">
  <testcase classname="Testing comment endpoints" name="try to create comment without jwt in the header" time="0" />
  <testcase classname="Testing comment endpoints" name="try to create comment without text of the comment" time="0" />
  <testcase classname="Testing comment endpoints" name="try to create comment without parent id of the comment" time="0" />
  <testcase classname="Testing comment endpoints" name="try to create comment without parent type" time="0" />
  <testcase classname="Testing comment endpoints" name="try to create comment without the level of the comment" time="0" />
  <testcase classname="Testing comment endpoints" name="try to create comment without haveSubreddit bool in body" time="0" />
  <testcase classname="Testing comment endpoints" name="try to create comment with invalid parent type" time="0" />
  <testcase classname="Testing comment endpoints" name="try to create comment with subreddit dose not exist" time="0" />
  <testcase classname="Testing comment endpoints" name="try to create comment with valid parameters" time="0" />
  <testcase classname="Testing comment endpoints" name="try to create comment to post without subreddit" time="0" />
 </testsuite>
</testsuites>