<?xml version="1.0" encoding="UTF-8" ?>
<testsuites disabled="0" errors="0" failures="0" tests="15" time="0.481">
 <testsuite name="Testing Post Moderation endpoints" timestamp="2022-11-12T20:10:24" hostname="localhost" time="0.481" errors="0" tests="15" skipped="0" disabled="0" failures="0">
  <testcase classname="Testing Post Moderation endpoints" name="Approve a post with an invalid id" time="0.058" />
  <testcase classname="Testing Post Moderation endpoints" name="Approve a post with an invalid token" time="0.012" />
  <testcase classname="Testing Post Moderation endpoints" name="Approve a post from a user who isn&apos;t a mod" time="0.024" />
  <testcase classname="Testing Post Moderation endpoints" name="Approve a post with missing type" time="0.008" />
  <testcase classname="Testing Post Moderation endpoints" name="Approve a post correctly" time="0.021" />
  <testcase classname="Testing Post Moderation endpoints" name="Approve a user comment correctly" time="0.016" />
  <testcase classname="Testing Post Moderation endpoints" name="Approve a comment in a subreddit correctly" time="0.022" />
  <testcase classname="Testing Post Moderation endpoints" name="Approve a post in a user account (not subreddit)" time="0.016" />
  <testcase classname="Testing Post Moderation endpoints" name="Approve an already approved post" time="0.016" />
  <testcase classname="Testing Post Moderation endpoints" name="Remove a post correctly" time="0.017" />
  <testcase classname="Testing Post Moderation endpoints" name="Remove an already removed post" time="0.01" />
  <testcase classname="Testing Post Moderation endpoints" name="Lock a post correctly" time="0.018" />
  <testcase classname="Testing Post Moderation endpoints" name="Lock an already locked post" time="0.015" />
  <testcase classname="Testing Post Moderation endpoints" name="Unlock a post correctly" time="0.021" />
  <testcase classname="Testing Post Moderation endpoints" name="Unlock an already unlocked post" time="0.012" />
 </testsuite>
</testsuites>