<?xml version="1.0" encoding="UTF-8" ?>
<testsuites disabled="0" errors="0" failures="0" tests="33" time="0.287">
 <testsuite name="Testing post, comment, and message actions endpoints" timestamp="2022-11-12T18:54:04" hostname="localhost" time="0.287" errors="0" tests="33" skipped="0" disabled="0" failures="0">
  <testcase classname="Testing post, comment, and message actions endpoints" name="try to edit a post without jwt in the header" time="0.008" />
  <testcase classname="Testing post, comment, and message actions endpoints" name="try to edit a comment without jwt in the header" time="0.009" />
  <testcase classname="Testing post, comment, and message actions endpoints" name="try to edit a post of other user" time="0.011" />
  <testcase classname="Testing post, comment, and message actions endpoints" name="try to edit a comment of other user" time="0.01" />
  <testcase classname="Testing post, comment, and message actions endpoints" name="try to edit a post that have no text" time="0.011" />
  <testcase classname="Testing post, comment, and message actions endpoints" name="try to edit a post with invalid id" time="0.007" />
  <testcase classname="Testing post, comment, and message actions endpoints" name="try to edit a comment with invalid id" time="0.009" />
  <testcase classname="Testing post, comment, and message actions endpoints" name="try to edit a post without id in body" time="0.006" />
  <testcase classname="Testing post, comment, and message actions endpoints" name="try to edit a comment without id in body" time="0.006" />
  <testcase classname="Testing post, comment, and message actions endpoints" name="try to edit a post without type in body" time="0.005" />
  <testcase classname="Testing post, comment, and message actions endpoints" name="try to edit a comment without type in body" time="0.006" />
  <testcase classname="Testing post, comment, and message actions endpoints" name="try to edit a post with invalid type" time="0.006" />
  <testcase classname="Testing post, comment, and message actions endpoints" name="try to edit a comment with invalid type" time="0.006" />
  <testcase classname="Testing post, comment, and message actions endpoints" name="try to edit a post without text in body" time="0.007" />
  <testcase classname="Testing post, comment, and message actions endpoints" name="try to edit a comment without text in body" time="0.005" />
  <testcase classname="Testing post, comment, and message actions endpoints" name="try to edit a post with all valid parameters" time="0.015" />
  <testcase classname="Testing post, comment, and message actions endpoints" name="try to edit a comment with all valid parameters" time="0.011" />
  <testcase classname="Testing post, comment, and message actions endpoints" name="try to delete a post without jwt in the header" time="0.005" />
  <testcase classname="Testing post, comment, and message actions endpoints" name="try to delete a comment without jwt in the header" time="0.005" />
  <testcase classname="Testing post, comment, and message actions endpoints" name="try to delete a comment with different user" time="0.008" />
  <testcase classname="Testing post, comment, and message actions endpoints" name="try to delete a post with different user" time="0.007" />
  <testcase classname="Testing post, comment, and message actions endpoints" name="try to delete a post without id in the body" time="0.006" />
  <testcase classname="Testing post, comment, and message actions endpoints" name="try to delete a post without type in the body" time="0.004" />
  <testcase classname="Testing post, comment, and message actions endpoints" name="try to delete a post with invalid value of the type" time="0.005" />
  <testcase classname="Testing post, comment, and message actions endpoints" name="try to delete a comment without id in the body" time="0.006" />
  <testcase classname="Testing post, comment, and message actions endpoints" name="try to delete a comment without type in the body" time="0.005" />
  <testcase classname="Testing post, comment, and message actions endpoints" name="try to delete a comment with invalid value of the type" time="0.005" />
  <testcase classname="Testing post, comment, and message actions endpoints" name="try to delete a post with wrong id" time="0.008" />
  <testcase classname="Testing post, comment, and message actions endpoints" name="try to delete a comment with wrong id" time="0.007" />
  <testcase classname="Testing post, comment, and message actions endpoints" name="try to delete a post with all valid parameters" time="0.011" />
  <testcase classname="Testing post, comment, and message actions endpoints" name="try to delete a comment with all valid parameters" time="0.01" />
  <testcase classname="Testing post, comment, and message actions endpoints" name="try to delete the same post again" time="0.007" />
  <testcase classname="Testing post, comment, and message actions endpoints" name="try to delete the same comment again" time="0.009" />
 </testsuite>
</testsuites>