<?xml version="1.0" encoding="UTF-8" ?>
<testsuites disabled="0" errors="0" failures="0" tests="5" time="0.771">
 <testsuite name="Testing Password utilities" timestamp="2022-11-12T21:44:09" hostname="localhost" time="0.771" errors="0" tests="5" skipped="0" disabled="0" failures="0">
  <testcase classname="Testing Password utilities" name="should have hashPassword method" time="0" />
  <testcase classname="Testing Password utilities" name="check if hashPassword returns a valid hashed password" time="0.265" />
  <testcase classname="Testing Password utilities" name="should have comparePasswords method" time="0" />
  <testcase classname="Testing Password utilities" name="check if passwords are compared correctly" time="0.254" />
  <testcase classname="Testing Password utilities" name="check if function returns false if passwords don&apos;t match" time="0.246" />
 </testsuite>
</testsuites>