<?xml version="1.0" encoding="UTF-8" ?>
<testsuites disabled="0" errors="0" failures="0" tests="24" time="0.225">
 <testsuite name="Testing post actions endpoints" timestamp="2022-11-12T21:44:08" hostname="localhost" time="0.225" errors="0" tests="24" skipped="0" disabled="0" failures="0">
  <testcase classname="Testing post actions endpoints" name="try to mark a post as spoiler without jwt in the header" time="0.008" />
  <testcase classname="Testing post actions endpoints" name="try to mark a post as nsfw without jwt in the header" time="0.01" />
  <testcase classname="Testing post actions endpoints" name="try to unmark a post as spoiler without jwt in the header" time="0.007" />
  <testcase classname="Testing post actions endpoints" name="try to unmark a post as nsfw without jwt in the header" time="0.007" />
  <testcase classname="Testing post actions endpoints" name="try to mark a post as spoiler without id in the body" time="0.009" />
  <testcase classname="Testing post actions endpoints" name="try to mark a post as nsfw without id in the body" time="0.006" />
  <testcase classname="Testing post actions endpoints" name="try to unmark a post as spoiler without id in the body" time="0.005" />
  <testcase classname="Testing post actions endpoints" name="try to unmark a post as nsfw without id in the body" time="0.008" />
  <testcase classname="Testing post actions endpoints" name="try to mark a post of other user as spoiler" time="0.008" />
  <testcase classname="Testing post actions endpoints" name="try to mark a post of other user as nsfw" time="0.011" />
  <testcase classname="Testing post actions endpoints" name="try to unmark a post of other user as spoiler" time="0.008" />
  <testcase classname="Testing post actions endpoints" name="try to unmark a post of other user as nsfw" time="0.009" />
  <testcase classname="Testing post actions endpoints" name="try to mark a post as spoiler with invalid id" time="0.008" />
  <testcase classname="Testing post actions endpoints" name="try to mark a post as nsfw with invalid id" time="0.006" />
  <testcase classname="Testing post actions endpoints" name="try to mark a post as spoiler with all valid parameters" time="0.014" />
  <testcase classname="Testing post actions endpoints" name="try to mark a post as nsfw with all valid parameters" time="0.011" />
  <testcase classname="Testing post actions endpoints" name="try to mark the same post as spoiler again" time="0.008" />
  <testcase classname="Testing post actions endpoints" name="try to mark the same post as nsfw again" time="0.008" />
  <testcase classname="Testing post actions endpoints" name="try to unmark a post as spoiler with invalid id" time="0.005" />
  <testcase classname="Testing post actions endpoints" name="try to unmark a post as nsfw with invalid id" time="0.005" />
  <testcase classname="Testing post actions endpoints" name="try to unmark a post as spoiler with all valid parameters" time="0.01" />
  <testcase classname="Testing post actions endpoints" name="try to unmark a post as nsfw with all valid parameters" time="0.009" />
  <testcase classname="Testing post actions endpoints" name="try to unmark the same post as spoiler again" time="0.008" />
  <testcase classname="Testing post actions endpoints" name="try to unmark the same post as nsfw again" time="0.007" />
 </testsuite>
</testsuites>