<?xml version="1.0" encoding="UTF-8" ?>
<testsuites disabled="0" errors="0" failures="0" tests="8" time="0.005">
 <testsuite name="Testing subreddit rules utils" timestamp="2022-11-12T21:44:10" hostname="localhost" time="0.005" errors="0" tests="8" skipped="0" disabled="0" failures="0">
  <testcase classname="Testing subreddit rules utils" name="validateCreatingRuleBody method should exist" time="0.001" />
  <testcase classname="Testing subreddit rules utils" name="validateEditingRuleBody method should exist" time="0" />
  <testcase classname="Testing subreddit rules utils" name="Testing a body with missing required params" time="0" />
  <testcase classname="Testing subreddit rules utils" name="Testing a body with appliesTo invalid value" time="0.001" />
  <testcase classname="Testing subreddit rules utils" name="Testing a body with appliesTo valid value" time="0" />
  <testcase classname="Testing subreddit rules utils" name="Testing a body with all params" time="0.001" />
  <testcase classname="Testing subreddit rules utils" name="Testing a edit body without the rule order" time="0" />
  <testcase classname="Testing subreddit rules utils" name="Testing a edit body with the rule order" time="0" />
 </testsuite>
</testsuites>