<?xml version="1.0" encoding="UTF-8" ?>
<testsuites disabled="0" errors="0" failures="0" tests="6" time="0">
 <testsuite name="Testing send emails functions" timestamp="2022-11-12T20:07:46" hostname="localhost" time="0" errors="0" tests="6" skipped="0" disabled="0" failures="0">
  <testcase classname="Testing send emails functions" name="should have sendResetPasswordEmail method" time="0" />
  <testcase classname="Testing send emails functions" name="try to send reset password email" time="0" />
  <testcase classname="Testing send emails functions" name="should have sendVerifyEmail method" time="0" />
  <testcase classname="Testing send emails functions" name="try to send verify email" time="0" />
  <testcase classname="Testing send emails functions" name="should have sendUsernameEmail method" time="0" />
  <testcase classname="Testing send emails functions" name="try to send forget username email" time="0" />
 </testsuite>
</testsuites>